d:\vs2017\driverproject\transdataexe\transdatasys\x64\debug\vc141.pdb
d:\vs2017\driverproject\transdataexe\transdatasys\x64\debug\main.obj
d:\vs2017\driverproject\transdataexe\x64\debug\transdatasys\transdatasys.cat
d:\vs2017\driverproject\transdataexe\x64\debug\transdatasys.sys
d:\vs2017\driverproject\transdataexe\x64\debug\transdatasys.pdb
d:\vs2017\driverproject\transdataexe\transdatasys\x64\debug\transdatasys.inf
d:\vs2017\driverproject\transdataexe\x64\debug\transdatasys.cer
d:\vs2017\driverproject\transdataexe\x64\debug\transdatasys.inf
d:\vs2017\driverproject\transdataexe\transdatasys\x64\debug\transdatasys.tlog\cl.command.1.tlog
d:\vs2017\driverproject\transdataexe\transdatasys\x64\debug\transdatasys.tlog\cl.read.1.tlog
d:\vs2017\driverproject\transdataexe\transdatasys\x64\debug\transdatasys.tlog\cl.write.1.tlog
d:\vs2017\driverproject\transdataexe\transdatasys\x64\debug\transdatasys.tlog\inf2cat-expand.10668.read.1.tlog
d:\vs2017\driverproject\transdataexe\transdatasys\x64\debug\transdatasys.tlog\inf2cat-expand.10668.write.1.tlog
d:\vs2017\driverproject\transdataexe\transdatasys\x64\debug\transdatasys.tlog\inf2cat-expand.read.1.tlog
d:\vs2017\driverproject\transdataexe\transdatasys\x64\debug\transdatasys.tlog\inf2cat-expand.write.1.tlog
d:\vs2017\driverproject\transdataexe\transdatasys\x64\debug\transdatasys.tlog\inf2cat.command.1.tlog
d:\vs2017\driverproject\transdataexe\transdatasys\x64\debug\transdatasys.tlog\inf2cat.read.1.tlog
d:\vs2017\driverproject\transdataexe\transdatasys\x64\debug\transdatasys.tlog\inf2cat.write.1.tlog
d:\vs2017\driverproject\transdataexe\transdatasys\x64\debug\transdatasys.tlog\link.command.1.tlog
d:\vs2017\driverproject\transdataexe\transdatasys\x64\debug\transdatasys.tlog\link.read.1.tlog
d:\vs2017\driverproject\transdataexe\transdatasys\x64\debug\transdatasys.tlog\link.write.1.tlog
d:\vs2017\driverproject\transdataexe\transdatasys\x64\debug\transdatasys.tlog\signtool.command.1.tlog
d:\vs2017\driverproject\transdataexe\transdatasys\x64\debug\transdatasys.tlog\signtool.read.1.tlog
d:\vs2017\driverproject\transdataexe\transdatasys\x64\debug\transdatasys.tlog\signtool.timestamp.1.tlog
d:\vs2017\driverproject\transdataexe\transdatasys\x64\debug\transdatasys.tlog\signtool.write.1.tlog
d:\vs2017\driverproject\transdataexe\transdatasys\x64\debug\transdatasys.tlog\stampinf.command.1.tlog
d:\vs2017\driverproject\transdataexe\transdatasys\x64\debug\transdatasys.tlog\stampinf.read.1.tlog
d:\vs2017\driverproject\transdataexe\transdatasys\x64\debug\transdatasys.tlog\stampinf.write.1.tlog
